---------------------------------------------------------------
[ 2018-10-24T11:30:28+08:00 ] 127.0.0.1 GET /admin/procurement/index?sort=procurement_id&order=desc&offset=0&limit=10&filter=%7B%22nickname%22%3A%22%E6%9D%8E%E5%AD%90%E6%97%AD%22%7D&op=%7B%22nickname%22%3A%22%3D%22%7D&_=1540351667714
[ sql ] [ DB ] CONNECT:[ UseTime:0.005617s ] mysql:host=127.0.0.1;dbname=anglibiz;charset=utf8
[ sql ] [ SQL ] SHOW COLUMNS FROM `fa_auth_group_access` [ RunTime:0.044987s ]
[ sql ] [ SQL ] SELECT `aga`.`uid`,`aga`.`group_id`,`ag`.`id`,`ag`.`pid`,`ag`.`name`,`ag`.`rules` FROM `fa_auth_group_access` `aga` LEFT JOIN `fa_auth_group` `ag` ON `aga`.`group_id`=`ag`.`id` WHERE  (  aga.uid='1' and ag.status='normal' ) [ RunTime:0.002441s ]
[ sql ] [ SQL ] SHOW COLUMNS FROM `fa_auth_rule` [ RunTime:0.038323s ]
[ sql ] [ SQL ] SELECT `id`,`pid`,`condition`,`icon`,`name`,`title`,`ismenu` FROM `fa_auth_rule` WHERE  `status` = 'normal' [ RunTime:0.003392s ]
[ sql ] [ SQL ] SELECT `my_group`.`id` FROM `fa_auth_group_access` `access` INNER JOIN `fa_auth_group` `my_group` ON `access`.`group_id`=`my_group`.`id` WHERE  `access`.`uid` = 1 LIMIT 1 [ RunTime:0.002728s ]
[ sql ] [ SQL ] SHOW COLUMNS FROM `fa_procurement` [ RunTime:0.041131s ]
[ error ] [10501]SQLSTATE[42S22]: Column not found: 1054 Unknown column 'nickname' in 'where clause'
---------------------------------------------------------------
[ 2018-10-24T11:30:50+08:00 ] 127.0.0.1 GET /admin/procurement/index?sort=procurement_id&order=desc&offset=0&limit=10&filter=%7B%22nickname%22%3A%22%E6%9D%8E%E5%AD%90%E6%97%AD%22%7D&op=%7B%22nickname%22%3A%22%3D%22%7D&_=1540351667715
[ sql ] [ DB ] CONNECT:[ UseTime:0.005424s ] mysql:host=127.0.0.1;dbname=anglibiz;charset=utf8
[ sql ] [ SQL ] SHOW COLUMNS FROM `fa_auth_group_access` [ RunTime:0.052526s ]
[ sql ] [ SQL ] SELECT `aga`.`uid`,`aga`.`group_id`,`ag`.`id`,`ag`.`pid`,`ag`.`name`,`ag`.`rules` FROM `fa_auth_group_access` `aga` LEFT JOIN `fa_auth_group` `ag` ON `aga`.`group_id`=`ag`.`id` WHERE  (  aga.uid='1' and ag.status='normal' ) [ RunTime:0.002763s ]
[ sql ] [ SQL ] SHOW COLUMNS FROM `fa_auth_rule` [ RunTime:0.049477s ]
[ sql ] [ SQL ] SELECT `id`,`pid`,`condition`,`icon`,`name`,`title`,`ismenu` FROM `fa_auth_rule` WHERE  `status` = 'normal' [ RunTime:0.003380s ]
[ sql ] [ SQL ] SELECT `my_group`.`id` FROM `fa_auth_group_access` `access` INNER JOIN `fa_auth_group` `my_group` ON `access`.`group_id`=`my_group`.`id` WHERE  `access`.`uid` = 1 LIMIT 1 [ RunTime:0.002422s ]
[ sql ] [ SQL ] SHOW COLUMNS FROM `fa_procurement` [ RunTime:0.068989s ]
[ error ] [10501]SQLSTATE[42S22]: Column not found: 1054 Unknown column 'nickname' in 'where clause'
---------------------------------------------------------------
[ 2018-10-24T11:31:48+08:00 ] 127.0.0.1 GET /admin/procurement/index?sort=procurement_id&order=desc&offset=0&limit=10&filter=%7B%22nickname%22%3A%22%E6%9D%8E%E5%AD%90%E6%97%AD%22%7D&op=%7B%22nickname%22%3A%22%3D%22%7D&_=1540351667716
[ sql ] [ DB ] CONNECT:[ UseTime:0.029166s ] mysql:host=127.0.0.1;dbname=anglibiz;charset=utf8
[ sql ] [ SQL ] SHOW COLUMNS FROM `fa_auth_group_access` [ RunTime:0.152844s ]
[ sql ] [ SQL ] SELECT `aga`.`uid`,`aga`.`group_id`,`ag`.`id`,`ag`.`pid`,`ag`.`name`,`ag`.`rules` FROM `fa_auth_group_access` `aga` LEFT JOIN `fa_auth_group` `ag` ON `aga`.`group_id`=`ag`.`id` WHERE  (  aga.uid='1' and ag.status='normal' ) [ RunTime:0.031780s ]
[ sql ] [ SQL ] SHOW COLUMNS FROM `fa_auth_rule` [ RunTime:0.095028s ]
[ sql ] [ SQL ] SELECT `id`,`pid`,`condition`,`icon`,`name`,`title`,`ismenu` FROM `fa_auth_rule` WHERE  `status` = 'normal' [ RunTime:0.112273s ]
[ sql ] [ SQL ] SELECT `my_group`.`id` FROM `fa_auth_group_access` `access` INNER JOIN `fa_auth_group` `my_group` ON `access`.`group_id`=`my_group`.`id` WHERE  `access`.`uid` = 1 LIMIT 1 [ RunTime:0.006134s ]
[ sql ] [ SQL ] SHOW COLUMNS FROM `fa_procurement` [ RunTime:0.413356s ]
---------------------------------------------------------------
[ 2018-10-24T11:39:51+08:00 ] 127.0.0.1 GET /admin/procurement/index?sort=procurement_id&order=desc&offset=0&limit=10&filter=%7B%22nickname%22%3A%22%E6%9D%8E%E5%AD%90%E6%97%AD%22%7D&op=%7B%22nickname%22%3A%22%3D%22%7D&_=1540351667717
[ sql ] [ DB ] CONNECT:[ UseTime:0.006297s ] mysql:host=127.0.0.1;dbname=anglibiz;charset=utf8
[ sql ] [ SQL ] SHOW COLUMNS FROM `fa_auth_group_access` [ RunTime:0.052738s ]
[ sql ] [ SQL ] SELECT `aga`.`uid`,`aga`.`group_id`,`ag`.`id`,`ag`.`pid`,`ag`.`name`,`ag`.`rules` FROM `fa_auth_group_access` `aga` LEFT JOIN `fa_auth_group` `ag` ON `aga`.`group_id`=`ag`.`id` WHERE  (  aga.uid='1' and ag.status='normal' ) [ RunTime:0.002670s ]
[ sql ] [ SQL ] SHOW COLUMNS FROM `fa_auth_rule` [ RunTime:0.048444s ]
[ sql ] [ SQL ] SELECT `id`,`pid`,`condition`,`icon`,`name`,`title`,`ismenu` FROM `fa_auth_rule` WHERE  `status` = 'normal' [ RunTime:0.004137s ]
[ sql ] [ SQL ] SELECT `my_group`.`id` FROM `fa_auth_group_access` `access` INNER JOIN `fa_auth_group` `my_group` ON `access`.`group_id`=`my_group`.`id` WHERE  `access`.`uid` = 1 LIMIT 1 [ RunTime:0.002689s ]
[ sql ] [ SQL ] SHOW COLUMNS FROM `fa_procurement` [ RunTime:0.082813s ]
[ sql ] [ SQL ] SELECT COUNT(*) AS tp_count FROM `fa_procurement` `fpo` INNER JOIN `fa_admin` `admin` ON `fpo`.`author_id`=`admin`.`id` WHERE  (  `nickname` = '李子旭' ) ORDER BY `procurement_id` DESC LIMIT 1 [ RunTime:0.006599s ]
[ error ] [2]current() expects parameter 1 to be array, integer given
---------------------------------------------------------------
[ 2018-10-24T11:40:42+08:00 ] 127.0.0.1 GET /admin/procurement/index?sort=procurement_id&order=desc&offset=0&limit=10&filter=%7B%22nickname%22%3A%22%E6%9D%8E%E5%AD%90%E6%97%AD%22%7D&op=%7B%22nickname%22%3A%22%3D%22%7D&_=1540351667718
[ sql ] [ DB ] CONNECT:[ UseTime:0.005257s ] mysql:host=127.0.0.1;dbname=anglibiz;charset=utf8
[ sql ] [ SQL ] SHOW COLUMNS FROM `fa_auth_group_access` [ RunTime:0.047699s ]
[ sql ] [ SQL ] SELECT `aga`.`uid`,`aga`.`group_id`,`ag`.`id`,`ag`.`pid`,`ag`.`name`,`ag`.`rules` FROM `fa_auth_group_access` `aga` LEFT JOIN `fa_auth_group` `ag` ON `aga`.`group_id`=`ag`.`id` WHERE  (  aga.uid='1' and ag.status='normal' ) [ RunTime:0.002659s ]
[ sql ] [ SQL ] SHOW COLUMNS FROM `fa_auth_rule` [ RunTime:0.070501s ]
[ sql ] [ SQL ] SELECT `id`,`pid`,`condition`,`icon`,`name`,`title`,`ismenu` FROM `fa_auth_rule` WHERE  `status` = 'normal' [ RunTime:0.003748s ]
[ sql ] [ SQL ] SELECT `my_group`.`id` FROM `fa_auth_group_access` `access` INNER JOIN `fa_auth_group` `my_group` ON `access`.`group_id`=`my_group`.`id` WHERE  `access`.`uid` = 1 LIMIT 1 [ RunTime:0.002807s ]
[ sql ] [ SQL ] SHOW COLUMNS FROM `fa_procurement` [ RunTime:0.039044s ]
[ sql ] [ SQL ] SELECT COUNT(*) AS tp_count FROM `fa_procurement` `fpo` INNER JOIN `fa_admin` `admin` ON `fpo`.`author_id`=`admin`.`id` WHERE  (  `nickname` = '李子旭' ) ORDER BY `procurement_id` DESC LIMIT 1 [ RunTime:0.001860s ]
[ sql ] [ SQL ] SELECT `fpo`.*,`admin`.`nickname` FROM `fa_procurement` `fpo` INNER JOIN `fa_admin` `admin` ON `fpo`.`author_id`=`admin`.`id` WHERE  (  `nickname` = '李子旭' ) ORDER BY `procurement_id` DESC LIMIT 0,10 [ RunTime:0.003025s ]
---------------------------------------------------------------
[ 2018-10-24T11:40:57+08:00 ] 127.0.0.1 GET /admin/procurement/index?sort=procurement_id&order=desc&offset=0&limit=10&filter=%7B%22nickname%22%3A%22%E6%9D%8E%E5%AD%90%E6%97%AD%22%2C%22factory_name%22%3A%22%E4%B8%B4%E6%B2%82%E5%B8%82%E5%85%B0%E5%B1%B1%E5%8C%BA%E6%9C%A8%E6%98%93%E7%94%B5%E5%99%A8%E9%94%80%E5%94%AE%E4%B8%AD%E5%BF%83%22%7D&op=%7B%22nickname%22%3A%22%3D%22%2C%22factory_name%22%3A%22%3D%22%7D&_=1540351667719
[ sql ] [ DB ] CONNECT:[ UseTime:0.005410s ] mysql:host=127.0.0.1;dbname=anglibiz;charset=utf8
[ sql ] [ SQL ] SHOW COLUMNS FROM `fa_auth_group_access` [ RunTime:0.044049s ]
[ sql ] [ SQL ] SELECT `aga`.`uid`,`aga`.`group_id`,`ag`.`id`,`ag`.`pid`,`ag`.`name`,`ag`.`rules` FROM `fa_auth_group_access` `aga` LEFT JOIN `fa_auth_group` `ag` ON `aga`.`group_id`=`ag`.`id` WHERE  (  aga.uid='1' and ag.status='normal' ) [ RunTime:0.002245s ]
[ sql ] [ SQL ] SHOW COLUMNS FROM `fa_auth_rule` [ RunTime:0.037431s ]
[ sql ] [ SQL ] SELECT `id`,`pid`,`condition`,`icon`,`name`,`title`,`ismenu` FROM `fa_auth_rule` WHERE  `status` = 'normal' [ RunTime:0.003555s ]
[ sql ] [ SQL ] SELECT `my_group`.`id` FROM `fa_auth_group_access` `access` INNER JOIN `fa_auth_group` `my_group` ON `access`.`group_id`=`my_group`.`id` WHERE  `access`.`uid` = 1 LIMIT 1 [ RunTime:0.002539s ]
[ sql ] [ SQL ] SHOW COLUMNS FROM `fa_procurement` [ RunTime:0.045280s ]
[ sql ] [ SQL ] SELECT COUNT(*) AS tp_count FROM `fa_procurement` `fpo` INNER JOIN `fa_admin` `admin` ON `fpo`.`author_id`=`admin`.`id` WHERE  (  `nickname` = '李子旭'  AND `factory_name` = '临沂市兰山区木易电器销售中心' ) ORDER BY `procurement_id` DESC LIMIT 1 [ RunTime:0.002216s ]
[ sql ] [ SQL ] SELECT `fpo`.*,`admin`.`nickname` FROM `fa_procurement` `fpo` INNER JOIN `fa_admin` `admin` ON `fpo`.`author_id`=`admin`.`id` WHERE  (  `nickname` = '李子旭'  AND `factory_name` = '临沂市兰山区木易电器销售中心' ) ORDER BY `procurement_id` DESC LIMIT 0,10 [ RunTime:0.004306s ]
